<?xml version="1.0" encoding="UTF-8"?>
<!-- Generated by org.testng.reporters.JUnitReportReporter -->
<testsuite hostname="Sudha" failures="0" tests="18" name="dsalgo_TestRunner.TestNgRunner" time="139.353" errors="0" timestamp="2024-11-08T21:56:14 CST" skipped="0">
  <testcase classname="dsalgo_TestRunner.TestNgRunner" name="runScenario" time="6.504"/>
  <testcase classname="dsalgo_TestRunner.TestNgRunner" name="runScenario" time="9.199"/>
  <testcase classname="dsalgo_TestRunner.TestNgRunner" name="runScenario" time="9.219"/>
  <testcase classname="dsalgo_TestRunner.TestNgRunner" name="runScenario" time="6.633"/>
  <testcase classname="dsalgo_TestRunner.TestNgRunner" name="runScenario" time="6.636"/>
  <testcase classname="dsalgo_TestRunner.TestNgRunner" name="runScenario" time="7.394"/>
  <testcase classname="dsalgo_TestRunner.TestNgRunner" name="runScenario" time="9.311"/>
  <testcase classname="dsalgo_TestRunner.TestNgRunner" name="runScenario" time="7.817"/>
  <testcase classname="dsalgo_TestRunner.TestNgRunner" name="runScenario" time="7.477"/>
  <testcase classname="dsalgo_TestRunner.TestNgRunner" name="runScenario" time="7.371"/>
  <testcase classname="dsalgo_TestRunner.TestNgRunner" name="runScenario" time="6.608"/>
  <testcase classname="dsalgo_TestRunner.TestNgRunner" name="runScenario" time="7.558"/>
  <testcase classname="dsalgo_TestRunner.TestNgRunner" name="runScenario" time="7.526"/>
  <testcase classname="dsalgo_TestRunner.TestNgRunner" name="runScenario" time="9.795"/>
  <testcase classname="dsalgo_TestRunner.TestNgRunner" name="runScenario" time="7.322"/>
  <testcase classname="dsalgo_TestRunner.TestNgRunner" name="runScenario" time="7.000"/>
  <testcase classname="dsalgo_TestRunner.TestNgRunner" name="runScenario" time="7.646"/>
  <testcase classname="dsalgo_TestRunner.TestNgRunner" name="runScenario" time="8.337"/>
</testsuite> <!-- dsalgo_TestRunner.TestNgRunner -->
