<?xml version="1.0" encoding="UTF-8"?>
<!-- Generated by org.testng.reporters.JUnitReportReporter -->
<testsuite hostname="Sudha" failures="0" tests="18" name="dsalgo_TestRunner.TestNgRunner" time="158.528" errors="0" timestamp="2024-11-07T15:57:07 CST" skipped="0">
  <testcase classname="dsalgo_TestRunner.TestNgRunner" name="runScenario" time="10.678"/>
  <testcase classname="dsalgo_TestRunner.TestNgRunner" name="runScenario" time="6.740"/>
  <testcase classname="dsalgo_TestRunner.TestNgRunner" name="runScenario" time="8.666"/>
  <testcase classname="dsalgo_TestRunner.TestNgRunner" name="runScenario" time="7.503"/>
  <testcase classname="dsalgo_TestRunner.TestNgRunner" name="runScenario" time="9.439"/>
  <testcase classname="dsalgo_TestRunner.TestNgRunner" name="runScenario" time="9.871"/>
  <testcase classname="dsalgo_TestRunner.TestNgRunner" name="runScenario" time="7.610"/>
  <testcase classname="dsalgo_TestRunner.TestNgRunner" name="runScenario" time="7.689"/>
  <testcase classname="dsalgo_TestRunner.TestNgRunner" name="runScenario" time="9.033"/>
  <testcase classname="dsalgo_TestRunner.TestNgRunner" name="runScenario" time="8.950"/>
  <testcase classname="dsalgo_TestRunner.TestNgRunner" name="runScenario" time="9.486"/>
  <testcase classname="dsalgo_TestRunner.TestNgRunner" name="runScenario" time="7.432"/>
  <testcase classname="dsalgo_TestRunner.TestNgRunner" name="runScenario" time="7.695"/>
  <testcase classname="dsalgo_TestRunner.TestNgRunner" name="runScenario" time="8.623"/>
  <testcase classname="dsalgo_TestRunner.TestNgRunner" name="runScenario" time="8.437"/>
  <testcase classname="dsalgo_TestRunner.TestNgRunner" name="runScenario" time="10.804"/>
  <testcase classname="dsalgo_TestRunner.TestNgRunner" name="runScenario" time="9.467"/>
  <testcase classname="dsalgo_TestRunner.TestNgRunner" name="runScenario" time="10.405"/>
</testsuite> <!-- dsalgo_TestRunner.TestNgRunner -->
