<?xml version="1.0" encoding="UTF-8"?>
<!-- Generated by org.testng.reporters.JUnitReportReporter -->
<testsuite hostname="Sudha" failures="0" tests="1" name="dsalgo_TestRunner.TestNgRunner" time="8.953" errors="0" timestamp="2024-11-07T18:12:49 CST" skipped="0">
  <testcase classname="dsalgo_TestRunner.TestNgRunner" name="runScenario" time="8.953"/>
</testsuite> <!-- dsalgo_TestRunner.TestNgRunner -->
