<?xml version="1.0" encoding="UTF-8"?>
<!-- Generated by org.testng.reporters.JUnitReportReporter -->
<testsuite hostname="Sudha" failures="0" tests="1" name="misc.TryHere" time="0.877" errors="0" timestamp="2024-10-30T16:10:11 CDT" skipped="0">
  <testcase classname="misc.TryHere" name="justTry" time="0.877"/>
</testsuite> <!-- misc.TryHere -->
